#! /c/Source/iverilog-install/bin/vvp
:ivl_version "12.0 (devel)" "(s20150603-1539-g2693dd32b)";
:ivl_delay_selection "TYPICAL";
:vpi_time_precision - 12;
:vpi_module "C:\iverilog\lib\ivl\system.vpi";
:vpi_module "C:\iverilog\lib\ivl\vhdl_sys.vpi";
:vpi_module "C:\iverilog\lib\ivl\vhdl_textio.vpi";
:vpi_module "C:\iverilog\lib\ivl\v2005_math.vpi";
:vpi_module "C:\iverilog\lib\ivl\va_math.vpi";
S_0000019aa477e230 .scope module, "memory_tb" "memory_tb" 2 2;
 .timescale -9 -12;
v0000019aa47d3c10_0 .var "Datain", 31 0;
v0000019aa47d3cb0_0 .var "Writeen", 0 0;
v0000019aa47d3d50_0 .var "address", 4 0;
v0000019aa47d3df0_0 .var "clock", 0 0;
v0000019aa47d46a0_0 .net "dataout", 31 0, v0000019aa47d3a30_0;  1 drivers
v0000019aa47d4740_0 .var "mode", 0 0;
v0000019aa4774300_0 .var "reset", 0 0;
S_0000019aa477e3c0 .scope module, "uut" "memory" 2 10, 3 21 0, S_0000019aa477e230;
 .timescale -9 -12;
    .port_info 0 /OUTPUT 32 "dataout";
    .port_info 1 /INPUT 1 "Writeen";
    .port_info 2 /INPUT 5 "address";
    .port_info 3 /INPUT 1 "mode";
    .port_info 4 /INPUT 32 "Datain";
    .port_info 5 /INPUT 1 "reset";
    .port_info 6 /INPUT 1 "clock";
v0000019aa477e550_0 .net "Datain", 31 0, v0000019aa47d3c10_0;  1 drivers
v0000019aa47428d0 .array "RF", 0 31, 31 0;
v0000019aa477e5f0_0 .net "Writeen", 0 0, v0000019aa47d3cb0_0;  1 drivers
v0000019aa47d3850_0 .net "address", 4 0, v0000019aa47d3d50_0;  1 drivers
v0000019aa47d38f0_0 .net "clock", 0 0, v0000019aa47d3df0_0;  1 drivers
v0000019aa47d3990_0 .var "data", 4 0;
v0000019aa47d3a30_0 .var "dataout", 31 0;
v0000019aa47d3ad0_0 .net "mode", 0 0, v0000019aa47d4740_0;  1 drivers
v0000019aa47d3b70_0 .net "reset", 0 0, v0000019aa4774300_0;  1 drivers
E_0000019aa476c140 .event posedge, v0000019aa47d38f0_0;
E_0000019aa476bf00 .event anyedge, v0000019aa47d3850_0;
    .scope S_0000019aa477e3c0;
T_0 ;
    %wait E_0000019aa476bf00;
    %load/vec4 v0000019aa47d3850_0;
    %assign/vec4 v0000019aa47d3990_0, 0;
    %jmp T_0;
    .thread T_0, $push;
    .scope S_0000019aa477e3c0;
T_1 ;
    %wait E_0000019aa476c140;
    %load/vec4 v0000019aa47d3b70_0;
    %flag_set/vec4 8;
    %jmp/0xz  T_1.0, 8;
    %pushi/vec4 0, 0, 32;
    %ix/load 3, 0, 0;
    %flag_set/imm 4, 0;
    %ix/load 4, 0, 0; Constant delay
    %assign/vec4/a/d v0000019aa47428d0, 0, 4;
    %pushi/vec4 0, 0, 32;
    %ix/load 3, 1, 0;
    %flag_set/imm 4, 0;
    %ix/load 4, 0, 0; Constant delay
    %assign/vec4/a/d v0000019aa47428d0, 0, 4;
    %pushi/vec4 0, 0, 32;
    %ix/load 3, 2, 0;
    %flag_set/imm 4, 0;
    %ix/load 4, 0, 0; Constant delay
    %assign/vec4/a/d v0000019aa47428d0, 0, 4;
    %pushi/vec4 0, 0, 32;
    %ix/load 3, 3, 0;
    %flag_set/imm 4, 0;
    %ix/load 4, 0, 0; Constant delay
    %assign/vec4/a/d v0000019aa47428d0, 0, 4;
    %pushi/vec4 0, 0, 32;
    %ix/load 3, 4, 0;
    %flag_set/imm 4, 0;
    %ix/load 4, 0, 0; Constant delay
    %assign/vec4/a/d v0000019aa47428d0, 0, 4;
    %pushi/vec4 0, 0, 32;
    %ix/load 3, 5, 0;
    %flag_set/imm 4, 0;
    %ix/load 4, 0, 0; Constant delay
    %assign/vec4/a/d v0000019aa47428d0, 0, 4;
    %pushi/vec4 0, 0, 32;
    %ix/load 3, 6, 0;
    %flag_set/imm 4, 0;
    %ix/load 4, 0, 0; Constant delay
    %assign/vec4/a/d v0000019aa47428d0, 0, 4;
    %pushi/vec4 0, 0, 32;
    %ix/load 3, 7, 0;
    %flag_set/imm 4, 0;
    %ix/load 4, 0, 0; Constant delay
    %assign/vec4/a/d v0000019aa47428d0, 0, 4;
    %pushi/vec4 0, 0, 32;
    %ix/load 3, 8, 0;
    %flag_set/imm 4, 0;
    %ix/load 4, 0, 0; Constant delay
    %assign/vec4/a/d v0000019aa47428d0, 0, 4;
    %pushi/vec4 0, 0, 32;
    %ix/load 3, 9, 0;
    %flag_set/imm 4, 0;
    %ix/load 4, 0, 0; Constant delay
    %assign/vec4/a/d v0000019aa47428d0, 0, 4;
    %pushi/vec4 0, 0, 32;
    %ix/load 3, 10, 0;
    %flag_set/imm 4, 0;
    %ix/load 4, 0, 0; Constant delay
    %assign/vec4/a/d v0000019aa47428d0, 0, 4;
    %pushi/vec4 0, 0, 32;
    %ix/load 3, 11, 0;
    %flag_set/imm 4, 0;
    %ix/load 4, 0, 0; Constant delay
    %assign/vec4/a/d v0000019aa47428d0, 0, 4;
    %pushi/vec4 0, 0, 32;
    %ix/load 3, 12, 0;
    %flag_set/imm 4, 0;
    %ix/load 4, 0, 0; Constant delay
    %assign/vec4/a/d v0000019aa47428d0, 0, 4;
    %pushi/vec4 0, 0, 32;
    %ix/load 3, 13, 0;
    %flag_set/imm 4, 0;
    %ix/load 4, 0, 0; Constant delay
    %assign/vec4/a/d v0000019aa47428d0, 0, 4;
    %pushi/vec4 0, 0, 32;
    %ix/load 3, 14, 0;
    %flag_set/imm 4, 0;
    %ix/load 4, 0, 0; Constant delay
    %assign/vec4/a/d v0000019aa47428d0, 0, 4;
    %pushi/vec4 0, 0, 32;
    %ix/load 3, 15, 0;
    %flag_set/imm 4, 0;
    %ix/load 4, 0, 0; Constant delay
    %assign/vec4/a/d v0000019aa47428d0, 0, 4;
    %pushi/vec4 0, 0, 32;
    %ix/load 3, 16, 0;
    %flag_set/imm 4, 0;
    %ix/load 4, 0, 0; Constant delay
    %assign/vec4/a/d v0000019aa47428d0, 0, 4;
    %pushi/vec4 0, 0, 32;
    %ix/load 3, 17, 0;
    %flag_set/imm 4, 0;
    %ix/load 4, 0, 0; Constant delay
    %assign/vec4/a/d v0000019aa47428d0, 0, 4;
    %pushi/vec4 0, 0, 32;
    %ix/load 3, 18, 0;
    %flag_set/imm 4, 0;
    %ix/load 4, 0, 0; Constant delay
    %assign/vec4/a/d v0000019aa47428d0, 0, 4;
    %pushi/vec4 0, 0, 32;
    %ix/load 3, 19, 0;
    %flag_set/imm 4, 0;
    %ix/load 4, 0, 0; Constant delay
    %assign/vec4/a/d v0000019aa47428d0, 0, 4;
    %pushi/vec4 0, 0, 32;
    %ix/load 3, 20, 0;
    %flag_set/imm 4, 0;
    %ix/load 4, 0, 0; Constant delay
    %assign/vec4/a/d v0000019aa47428d0, 0, 4;
    %pushi/vec4 0, 0, 32;
    %ix/load 3, 21, 0;
    %flag_set/imm 4, 0;
    %ix/load 4, 0, 0; Constant delay
    %assign/vec4/a/d v0000019aa47428d0, 0, 4;
    %pushi/vec4 0, 0, 32;
    %ix/load 3, 22, 0;
    %flag_set/imm 4, 0;
    %ix/load 4, 0, 0; Constant delay
    %assign/vec4/a/d v0000019aa47428d0, 0, 4;
    %pushi/vec4 0, 0, 32;
    %ix/load 3, 23, 0;
    %flag_set/imm 4, 0;
    %ix/load 4, 0, 0; Constant delay
    %assign/vec4/a/d v0000019aa47428d0, 0, 4;
    %pushi/vec4 0, 0, 32;
    %ix/load 3, 24, 0;
    %flag_set/imm 4, 0;
    %ix/load 4, 0, 0; Constant delay
    %assign/vec4/a/d v0000019aa47428d0, 0, 4;
    %pushi/vec4 0, 0, 32;
    %ix/load 3, 25, 0;
    %flag_set/imm 4, 0;
    %ix/load 4, 0, 0; Constant delay
    %assign/vec4/a/d v0000019aa47428d0, 0, 4;
    %pushi/vec4 0, 0, 32;
    %ix/load 3, 26, 0;
    %flag_set/imm 4, 0;
    %ix/load 4, 0, 0; Constant delay
    %assign/vec4/a/d v0000019aa47428d0, 0, 4;
    %pushi/vec4 0, 0, 32;
    %ix/load 3, 27, 0;
    %flag_set/imm 4, 0;
    %ix/load 4, 0, 0; Constant delay
    %assign/vec4/a/d v0000019aa47428d0, 0, 4;
    %pushi/vec4 0, 0, 32;
    %ix/load 3, 28, 0;
    %flag_set/imm 4, 0;
    %ix/load 4, 0, 0; Constant delay
    %assign/vec4/a/d v0000019aa47428d0, 0, 4;
    %pushi/vec4 0, 0, 32;
    %ix/load 3, 29, 0;
    %flag_set/imm 4, 0;
    %ix/load 4, 0, 0; Constant delay
    %assign/vec4/a/d v0000019aa47428d0, 0, 4;
    %pushi/vec4 0, 0, 32;
    %ix/load 3, 30, 0;
    %flag_set/imm 4, 0;
    %ix/load 4, 0, 0; Constant delay
    %assign/vec4/a/d v0000019aa47428d0, 0, 4;
    %pushi/vec4 0, 0, 32;
    %ix/load 3, 31, 0;
    %flag_set/imm 4, 0;
    %ix/load 4, 0, 0; Constant delay
    %assign/vec4/a/d v0000019aa47428d0, 0, 4;
    %load/vec4 v0000019aa47d3990_0;
    %pad/u 7;
    %ix/vec4 4;
    %load/vec4a v0000019aa47428d0, 4;
    %assign/vec4 v0000019aa47d3a30_0, 0;
    %jmp T_1.1;
T_1.0 ;
    %load/vec4 v0000019aa47d3ad0_0;
    %flag_set/vec4 8;
    %jmp/0xz  T_1.2, 8;
    %load/vec4 v0000019aa47d3990_0;
    %pad/u 7;
    %ix/vec4 4;
    %load/vec4a v0000019aa47428d0, 4;
    %assign/vec4 v0000019aa47d3a30_0, 0;
    %jmp T_1.3;
T_1.2 ;
    %load/vec4 v0000019aa477e5f0_0;
    %flag_set/vec4 8;
    %jmp/0xz  T_1.4, 8;
    %load/vec4 v0000019aa477e550_0;
    %load/vec4 v0000019aa47d3990_0;
    %pad/u 7;
    %ix/vec4 3;
    %ix/load 4, 0, 0; Constant delay
    %assign/vec4/a/d v0000019aa47428d0, 0, 4;
    %load/vec4 v0000019aa47d3990_0;
    %pad/u 7;
    %ix/vec4 4;
    %load/vec4a v0000019aa47428d0, 4;
    %assign/vec4 v0000019aa47d3a30_0, 0;
    %jmp T_1.5;
T_1.4 ;
    %load/vec4 v0000019aa47d3990_0;
    %pad/u 7;
    %ix/vec4 4;
    %load/vec4a v0000019aa47428d0, 4;
    %load/vec4 v0000019aa47d3990_0;
    %pad/u 7;
    %ix/vec4 3;
    %ix/load 4, 0, 0; Constant delay
    %assign/vec4/a/d v0000019aa47428d0, 0, 4;
    %load/vec4 v0000019aa47d3990_0;
    %pad/u 7;
    %ix/vec4 4;
    %load/vec4a v0000019aa47428d0, 4;
    %assign/vec4 v0000019aa47d3a30_0, 0;
T_1.5 ;
T_1.3 ;
T_1.1 ;
    %jmp T_1;
    .thread T_1;
    .scope S_0000019aa477e230;
T_2 ;
    %pushi/vec4 0, 0, 1;
    %assign/vec4 v0000019aa47d3df0_0, 0;
T_2.0 ;
    %delay 10000, 0;
    %load/vec4 v0000019aa47d3df0_0;
    %inv;
    %assign/vec4 v0000019aa47d3df0_0, 0;
    %jmp T_2.0;
    %end;
    .thread T_2;
    .scope S_0000019aa477e230;
T_3 ;
    %vpi_call 2 27 "$dumpfile", "memory.vcd" {0 0 0};
    %vpi_call 2 28 "$dumpvars", 32'sb00000000000000000000000000000000, S_0000019aa477e230 {0 0 0};
    %pushi/vec4 1, 0, 1;
    %store/vec4 v0000019aa4774300_0, 0, 1;
    %pushi/vec4 0, 0, 1;
    %store/vec4 v0000019aa47d4740_0, 0, 1;
    %delay 10000, 0;
    %pushi/vec4 0, 0, 1;
    %store/vec4 v0000019aa4774300_0, 0, 1;
    %pushi/vec4 0, 0, 1;
    %store/vec4 v0000019aa47d4740_0, 0, 1;
    %pushi/vec4 1, 0, 1;
    %store/vec4 v0000019aa47d3cb0_0, 0, 1;
    %pushi/vec4 1, 0, 32;
    %store/vec4 v0000019aa47d3c10_0, 0, 32;
    %delay 10000, 0;
    %pushi/vec4 0, 0, 1;
    %store/vec4 v0000019aa47d3cb0_0, 0, 1;
    %delay 20000, 0;
    %pushi/vec4 1, 0, 1;
    %store/vec4 v0000019aa47d4740_0, 0, 1;
    %delay 20000, 0;
    %vpi_call 2 46 "$finish" {0 0 0};
    %end;
    .thread T_3;
# The file index is used to find the file name in the following table.
:file_names 4;
    "N/A";
    "<interactive>";
    "memory_tb.v";
    "./memory.v";
