#! /c/Source/iverilog-install/bin/vvp
:ivl_version "12.0 (devel)" "(s20150603-1539-g2693dd32b)";
:ivl_delay_selection "TYPICAL";
:vpi_time_precision - 12;
:vpi_module "C:\iverilog\lib\ivl\system.vpi";
:vpi_module "C:\iverilog\lib\ivl\vhdl_sys.vpi";
:vpi_module "C:\iverilog\lib\ivl\vhdl_textio.vpi";
:vpi_module "C:\iverilog\lib\ivl\v2005_math.vpi";
:vpi_module "C:\iverilog\lib\ivl\va_math.vpi";
S_000001d44fd7bbf0 .scope module, "memory" "memory" 2 21;
 .timescale -9 -12;
    .port_info 0 /OUTPUT 32 "dataout";
    .port_info 1 /INPUT 1 "Writeen";
    .port_info 2 /INPUT 5 "address";
    .port_info 3 /INPUT 1 "mode";
    .port_info 4 /INPUT 32 "Datain";
    .port_info 5 /INPUT 1 "reset";
    .port_info 6 /INPUT 1 "clock";
o000001d44fdcdfd8 .functor BUFZ 32, C4<zzzzzzzzzzzzzzzzzzzzzzzzzzzzzzzz>; HiZ drive
v000001d44fd7bd80_0 .net "Datain", 31 0, o000001d44fdcdfd8;  0 drivers
v000001d44fd92e40 .array "RF", 0 31, 31 0;
o000001d44fdce008 .functor BUFZ 1, C4<z>; HiZ drive
v000001d44fd7be20_0 .net "Writeen", 0 0, o000001d44fdce008;  0 drivers
o000001d44fdce038 .functor BUFZ 5, C4<zzzzz>; HiZ drive
v000001d44fd7bec0_0 .net "address", 4 0, o000001d44fdce038;  0 drivers
o000001d44fdce068 .functor BUFZ 1, C4<z>; HiZ drive
v000001d44fe1e850_0 .net "clock", 0 0, o000001d44fdce068;  0 drivers
v000001d44fe1e8f0_0 .var "dataout", 31 0;
o000001d44fdce0c8 .functor BUFZ 1, C4<z>; HiZ drive
v000001d44fe1e990_0 .net "mode", 0 0, o000001d44fdce0c8;  0 drivers
o000001d44fdce0f8 .functor BUFZ 1, C4<z>; HiZ drive
v000001d44fe1ea30_0 .net "reset", 0 0, o000001d44fdce0f8;  0 drivers
E_000001d44fdb72a0 .event posedge, v000001d44fe1e850_0;
    .scope S_000001d44fd7bbf0;
T_0 ;
    %wait E_000001d44fdb72a0;
    %load/vec4 v000001d44fe1ea30_0;
    %flag_set/vec4 8;
    %jmp/0xz  T_0.0, 8;
    %pushi/vec4 0, 0, 32;
    %ix/load 3, 0, 0;
    %flag_set/imm 4, 0;
    %ix/load 4, 0, 0; Constant delay
    %assign/vec4/a/d v000001d44fd92e40, 0, 4;
    %pushi/vec4 0, 0, 32;
    %ix/load 3, 1, 0;
    %flag_set/imm 4, 0;
    %ix/load 4, 0, 0; Constant delay
    %assign/vec4/a/d v000001d44fd92e40, 0, 4;
    %pushi/vec4 0, 0, 32;
    %ix/load 3, 2, 0;
    %flag_set/imm 4, 0;
    %ix/load 4, 0, 0; Constant delay
    %assign/vec4/a/d v000001d44fd92e40, 0, 4;
    %pushi/vec4 0, 0, 32;
    %ix/load 3, 3, 0;
    %flag_set/imm 4, 0;
    %ix/load 4, 0, 0; Constant delay
    %assign/vec4/a/d v000001d44fd92e40, 0, 4;
    %pushi/vec4 0, 0, 32;
    %ix/load 3, 4, 0;
    %flag_set/imm 4, 0;
    %ix/load 4, 0, 0; Constant delay
    %assign/vec4/a/d v000001d44fd92e40, 0, 4;
    %pushi/vec4 0, 0, 32;
    %ix/load 3, 5, 0;
    %flag_set/imm 4, 0;
    %ix/load 4, 0, 0; Constant delay
    %assign/vec4/a/d v000001d44fd92e40, 0, 4;
    %pushi/vec4 0, 0, 32;
    %ix/load 3, 6, 0;
    %flag_set/imm 4, 0;
    %ix/load 4, 0, 0; Constant delay
    %assign/vec4/a/d v000001d44fd92e40, 0, 4;
    %pushi/vec4 0, 0, 32;
    %ix/load 3, 7, 0;
    %flag_set/imm 4, 0;
    %ix/load 4, 0, 0; Constant delay
    %assign/vec4/a/d v000001d44fd92e40, 0, 4;
    %pushi/vec4 0, 0, 32;
    %ix/load 3, 8, 0;
    %flag_set/imm 4, 0;
    %ix/load 4, 0, 0; Constant delay
    %assign/vec4/a/d v000001d44fd92e40, 0, 4;
    %pushi/vec4 0, 0, 32;
    %ix/load 3, 9, 0;
    %flag_set/imm 4, 0;
    %ix/load 4, 0, 0; Constant delay
    %assign/vec4/a/d v000001d44fd92e40, 0, 4;
    %pushi/vec4 0, 0, 32;
    %ix/load 3, 10, 0;
    %flag_set/imm 4, 0;
    %ix/load 4, 0, 0; Constant delay
    %assign/vec4/a/d v000001d44fd92e40, 0, 4;
    %pushi/vec4 0, 0, 32;
    %ix/load 3, 11, 0;
    %flag_set/imm 4, 0;
    %ix/load 4, 0, 0; Constant delay
    %assign/vec4/a/d v000001d44fd92e40, 0, 4;
    %pushi/vec4 0, 0, 32;
    %ix/load 3, 12, 0;
    %flag_set/imm 4, 0;
    %ix/load 4, 0, 0; Constant delay
    %assign/vec4/a/d v000001d44fd92e40, 0, 4;
    %pushi/vec4 0, 0, 32;
    %ix/load 3, 13, 0;
    %flag_set/imm 4, 0;
    %ix/load 4, 0, 0; Constant delay
    %assign/vec4/a/d v000001d44fd92e40, 0, 4;
    %pushi/vec4 0, 0, 32;
    %ix/load 3, 14, 0;
    %flag_set/imm 4, 0;
    %ix/load 4, 0, 0; Constant delay
    %assign/vec4/a/d v000001d44fd92e40, 0, 4;
    %pushi/vec4 0, 0, 32;
    %ix/load 3, 15, 0;
    %flag_set/imm 4, 0;
    %ix/load 4, 0, 0; Constant delay
    %assign/vec4/a/d v000001d44fd92e40, 0, 4;
    %pushi/vec4 0, 0, 32;
    %ix/load 3, 16, 0;
    %flag_set/imm 4, 0;
    %ix/load 4, 0, 0; Constant delay
    %assign/vec4/a/d v000001d44fd92e40, 0, 4;
    %pushi/vec4 0, 0, 32;
    %ix/load 3, 17, 0;
    %flag_set/imm 4, 0;
    %ix/load 4, 0, 0; Constant delay
    %assign/vec4/a/d v000001d44fd92e40, 0, 4;
    %pushi/vec4 0, 0, 32;
    %ix/load 3, 18, 0;
    %flag_set/imm 4, 0;
    %ix/load 4, 0, 0; Constant delay
    %assign/vec4/a/d v000001d44fd92e40, 0, 4;
    %pushi/vec4 0, 0, 32;
    %ix/load 3, 19, 0;
    %flag_set/imm 4, 0;
    %ix/load 4, 0, 0; Constant delay
    %assign/vec4/a/d v000001d44fd92e40, 0, 4;
    %pushi/vec4 0, 0, 32;
    %ix/load 3, 20, 0;
    %flag_set/imm 4, 0;
    %ix/load 4, 0, 0; Constant delay
    %assign/vec4/a/d v000001d44fd92e40, 0, 4;
    %pushi/vec4 0, 0, 32;
    %ix/load 3, 21, 0;
    %flag_set/imm 4, 0;
    %ix/load 4, 0, 0; Constant delay
    %assign/vec4/a/d v000001d44fd92e40, 0, 4;
    %pushi/vec4 0, 0, 32;
    %ix/load 3, 22, 0;
    %flag_set/imm 4, 0;
    %ix/load 4, 0, 0; Constant delay
    %assign/vec4/a/d v000001d44fd92e40, 0, 4;
    %pushi/vec4 0, 0, 32;
    %ix/load 3, 23, 0;
    %flag_set/imm 4, 0;
    %ix/load 4, 0, 0; Constant delay
    %assign/vec4/a/d v000001d44fd92e40, 0, 4;
    %pushi/vec4 0, 0, 32;
    %ix/load 3, 24, 0;
    %flag_set/imm 4, 0;
    %ix/load 4, 0, 0; Constant delay
    %assign/vec4/a/d v000001d44fd92e40, 0, 4;
    %pushi/vec4 0, 0, 32;
    %ix/load 3, 25, 0;
    %flag_set/imm 4, 0;
    %ix/load 4, 0, 0; Constant delay
    %assign/vec4/a/d v000001d44fd92e40, 0, 4;
    %pushi/vec4 0, 0, 32;
    %ix/load 3, 26, 0;
    %flag_set/imm 4, 0;
    %ix/load 4, 0, 0; Constant delay
    %assign/vec4/a/d v000001d44fd92e40, 0, 4;
    %pushi/vec4 0, 0, 32;
    %ix/load 3, 27, 0;
    %flag_set/imm 4, 0;
    %ix/load 4, 0, 0; Constant delay
    %assign/vec4/a/d v000001d44fd92e40, 0, 4;
    %pushi/vec4 0, 0, 32;
    %ix/load 3, 28, 0;
    %flag_set/imm 4, 0;
    %ix/load 4, 0, 0; Constant delay
    %assign/vec4/a/d v000001d44fd92e40, 0, 4;
    %pushi/vec4 0, 0, 32;
    %ix/load 3, 29, 0;
    %flag_set/imm 4, 0;
    %ix/load 4, 0, 0; Constant delay
    %assign/vec4/a/d v000001d44fd92e40, 0, 4;
    %pushi/vec4 0, 0, 32;
    %ix/load 3, 30, 0;
    %flag_set/imm 4, 0;
    %ix/load 4, 0, 0; Constant delay
    %assign/vec4/a/d v000001d44fd92e40, 0, 4;
    %pushi/vec4 0, 0, 32;
    %ix/load 3, 31, 0;
    %flag_set/imm 4, 0;
    %ix/load 4, 0, 0; Constant delay
    %assign/vec4/a/d v000001d44fd92e40, 0, 4;
    %load/vec4 v000001d44fd7bec0_0;
    %pad/u 7;
    %ix/vec4 4;
    %load/vec4a v000001d44fd92e40, 4;
    %assign/vec4 v000001d44fe1e8f0_0, 0;
    %jmp T_0.1;
T_0.0 ;
    %load/vec4 v000001d44fe1e990_0;
    %flag_set/vec4 8;
    %jmp/0xz  T_0.2, 8;
    %load/vec4 v000001d44fd7bec0_0;
    %pad/u 7;
    %ix/vec4 4;
    %load/vec4a v000001d44fd92e40, 4;
    %assign/vec4 v000001d44fe1e8f0_0, 0;
    %jmp T_0.3;
T_0.2 ;
    %load/vec4 v000001d44fd7be20_0;
    %flag_set/vec4 8;
    %jmp/0xz  T_0.4, 8;
    %load/vec4 v000001d44fd7bd80_0;
    %load/vec4 v000001d44fd7bec0_0;
    %pad/u 7;
    %ix/vec4 3;
    %ix/load 4, 0, 0; Constant delay
    %assign/vec4/a/d v000001d44fd92e40, 0, 4;
    %load/vec4 v000001d44fd7bec0_0;
    %pad/u 7;
    %ix/vec4 4;
    %load/vec4a v000001d44fd92e40, 4;
    %assign/vec4 v000001d44fe1e8f0_0, 0;
    %jmp T_0.5;
T_0.4 ;
    %load/vec4 v000001d44fd7bec0_0;
    %pad/u 7;
    %ix/vec4 4;
    %load/vec4a v000001d44fd92e40, 4;
    %load/vec4 v000001d44fd7bec0_0;
    %pad/u 7;
    %ix/vec4 3;
    %ix/load 4, 0, 0; Constant delay
    %assign/vec4/a/d v000001d44fd92e40, 0, 4;
    %load/vec4 v000001d44fd7bec0_0;
    %pad/u 7;
    %ix/vec4 4;
    %load/vec4a v000001d44fd92e40, 4;
    %assign/vec4 v000001d44fe1e8f0_0, 0;
T_0.5 ;
T_0.3 ;
T_0.1 ;
    %jmp T_0;
    .thread T_0;
# The file index is used to find the file name in the following table.
:file_names 3;
    "N/A";
    "<interactive>";
    "memory.v";
