#! /c/Source/iverilog-install/bin/vvp
:ivl_version "12.0 (devel)" "(s20150603-1539-g2693dd32b)";
:ivl_delay_selection "TYPICAL";
:vpi_time_precision + 0;
:vpi_module "C:\iverilog\lib\ivl\system.vpi";
:vpi_module "C:\iverilog\lib\ivl\vhdl_sys.vpi";
:vpi_module "C:\iverilog\lib\ivl\vhdl_textio.vpi";
:vpi_module "C:\iverilog\lib\ivl\v2005_math.vpi";
:vpi_module "C:\iverilog\lib\ivl\va_math.vpi";
S_000001678f3c6af0 .scope module, "multiplexer" "multiplexer" 2 1;
 .timescale 0 0;
    .port_info 0 /INPUT 32 "a";
    .port_info 1 /INPUT 32 "b";
    .port_info 2 /INPUT 32 "c";
    .port_info 3 /INPUT 32 "d";
    .port_info 4 /INPUT 1 "s1";
    .port_info 5 /INPUT 1 "s0";
    .port_info 6 /OUTPUT 32 "y";
v000001678f3c6c80_0 .net *"_ivl_0", 31 0, L_000001678f3ce0b0;  1 drivers
v000001678f3c6d20_0 .net *"_ivl_2", 31 0, L_000001678f3ce150;  1 drivers
o000001678f307038 .functor BUFZ 32, C4<zzzzzzzzzzzzzzzzzzzzzzzzzzzzzzzz>; HiZ drive
v000001678f3c6dc0_0 .net "a", 31 0, o000001678f307038;  0 drivers
o000001678f307068 .functor BUFZ 32, C4<zzzzzzzzzzzzzzzzzzzzzzzzzzzzzzzz>; HiZ drive
v000001678f3c6e60_0 .net "b", 31 0, o000001678f307068;  0 drivers
o000001678f307098 .functor BUFZ 32, C4<zzzzzzzzzzzzzzzzzzzzzzzzzzzzzzzz>; HiZ drive
v000001678f3c6f00_0 .net "c", 31 0, o000001678f307098;  0 drivers
o000001678f3070c8 .functor BUFZ 32, C4<zzzzzzzzzzzzzzzzzzzzzzzzzzzzzzzz>; HiZ drive
v000001678f3cdda0_0 .net "d", 31 0, o000001678f3070c8;  0 drivers
o000001678f3070f8 .functor BUFZ 1, C4<z>; HiZ drive
v000001678f3cde40_0 .net "s0", 0 0, o000001678f3070f8;  0 drivers
o000001678f307128 .functor BUFZ 1, C4<z>; HiZ drive
v000001678f3cdee0_0 .net "s1", 0 0, o000001678f307128;  0 drivers
v000001678f3cdf80_0 .net "y", 31 0, L_000001678f3ce1f0;  1 drivers
L_000001678f3ce0b0 .functor MUXZ 32, o000001678f3070c8, o000001678f307098, o000001678f307128, C4<>;
L_000001678f3ce150 .functor MUXZ 32, o000001678f307038, o000001678f307068, o000001678f307128, C4<>;
L_000001678f3ce1f0 .functor MUXZ 32, L_000001678f3ce150, L_000001678f3ce0b0, o000001678f3070f8, C4<>;
# The file index is used to find the file name in the following table.
:file_names 3;
    "N/A";
    "<interactive>";
    "multiplexer.v";
