#! /c/Source/iverilog-install/bin/vvp
:ivl_version "12.0 (devel)" "(s20150603-1539-g2693dd32b)";
:ivl_delay_selection "TYPICAL";
:vpi_time_precision - 12;
:vpi_module "C:\iverilog\lib\ivl\system.vpi";
:vpi_module "C:\iverilog\lib\ivl\vhdl_sys.vpi";
:vpi_module "C:\iverilog\lib\ivl\vhdl_textio.vpi";
:vpi_module "C:\iverilog\lib\ivl\v2005_math.vpi";
:vpi_module "C:\iverilog\lib\ivl\va_math.vpi";
S_000001c028426be0 .scope module, "multiplexer" "multiplexer" 2 21;
 .timescale -9 -12;
    .port_info 0 /INPUT 2 "a";
    .port_info 1 /INPUT 2 "b";
    .port_info 2 /INPUT 2 "c";
    .port_info 3 /INPUT 2 "d";
    .port_info 4 /INPUT 1 "s1";
    .port_info 5 /INPUT 1 "s0";
    .port_info 6 /OUTPUT 2 "y";
P_000001c02842cf70 .param/l "w" 0 2 22, +C4<00000000000000000000000000000001>;
o000001c028336fb8 .functor BUFZ 2, C4<zz>; HiZ drive
v000001c028426df0_0 .net "a", 1 0, o000001c028336fb8;  0 drivers
o000001c028336fe8 .functor BUFZ 2, C4<zz>; HiZ drive
v000001c028426e90_0 .net "b", 1 0, o000001c028336fe8;  0 drivers
o000001c028337018 .functor BUFZ 2, C4<zz>; HiZ drive
v000001c02842b830_0 .net "c", 1 0, o000001c028337018;  0 drivers
o000001c028337048 .functor BUFZ 2, C4<zz>; HiZ drive
v000001c02842b8d0_0 .net "d", 1 0, o000001c028337048;  0 drivers
o000001c028337078 .functor BUFZ 1, C4<z>; HiZ drive
v000001c02842b970_0 .net "s0", 0 0, o000001c028337078;  0 drivers
o000001c0283370a8 .functor BUFZ 1, C4<z>; HiZ drive
v000001c02842ba10_0 .net "s1", 0 0, o000001c0283370a8;  0 drivers
v000001c02842bab0_0 .var "y", 1 0;
E_000001c02842ccb0/0 .event anyedge, v000001c02842b970_0, v000001c02842ba10_0, v000001c028426df0_0, v000001c028426e90_0;
E_000001c02842ccb0/1 .event anyedge, v000001c02842b830_0, v000001c02842b8d0_0;
E_000001c02842ccb0 .event/or E_000001c02842ccb0/0, E_000001c02842ccb0/1;
    .scope S_000001c028426be0;
T_0 ;
    %wait E_000001c02842ccb0;
    %load/vec4 v000001c02842b970_0;
    %pad/u 32;
    %cmpi/e 0, 0, 32;
    %jmp/0xz  T_0.0, 4;
    %load/vec4 v000001c02842ba10_0;
    %pad/u 32;
    %cmpi/e 0, 0, 32;
    %jmp/0xz  T_0.2, 4;
    %load/vec4 v000001c028426df0_0;
    %store/vec4 v000001c02842bab0_0, 0, 2;
    %jmp T_0.3;
T_0.2 ;
    %load/vec4 v000001c028426e90_0;
    %store/vec4 v000001c02842bab0_0, 0, 2;
T_0.3 ;
    %jmp T_0.1;
T_0.0 ;
    %load/vec4 v000001c02842ba10_0;
    %pad/u 32;
    %cmpi/e 0, 0, 32;
    %jmp/0xz  T_0.4, 4;
    %load/vec4 v000001c02842b830_0;
    %store/vec4 v000001c02842bab0_0, 0, 2;
    %jmp T_0.5;
T_0.4 ;
    %load/vec4 v000001c02842b8d0_0;
    %store/vec4 v000001c02842bab0_0, 0, 2;
T_0.5 ;
T_0.1 ;
    %jmp T_0;
    .thread T_0, $push;
# The file index is used to find the file name in the following table.
:file_names 3;
    "N/A";
    "<interactive>";
    "multiplexer.v";
